Disabling PyTorch because PyTorch >= 2.1 is required but found 1.12.1+cu116
None of PyTorch, TensorFlow >= 2.0, or Flax have been found. Models won't be available and only tokenizers, configuration and file/data utilities can be used.
output dims : 7, 73, 267 ,4020
output dims sum : 4367
[8.65e-05, 3e-07, 34, 15, 50]
EXP : 8
Learning rate : 8.65e-05
/home/jeons0/miniconda3/envs/ECPICK/lib/python3.9/site-packages/lightning_fabric/plugins/environments/slurm.py:166: PossibleUserWarning: The `srun` command is available on your system but is not used. HINT: If your intention is to run Lightning on SLURM, prepend your python command with `srun` like so: srun python /home/jeons0/Stacking/hitec_train.py ...
  rank_zero_warn(
GPU available: True (cuda), used: True
TPU available: False, using: 0 TPU cores
IPU available: False, using: 0 IPUs
HPU available: False, using: 0 HPUs
Dataset are loading
234466
Dataset loading done
Training start
/home/jeons0/miniconda3/envs/ECPICK/lib/python3.9/site-packages/pytorch_lightning/callbacks/model_checkpoint.py:612: UserWarning: Checkpoint directory /home/jeons0/Stacking/base_learners/HIT-EC_models/EXP8 exists and is not empty.
  rank_zero_warn(f"Checkpoint directory {dirpath} exists and is not empty.")
LOCAL_RANK: 0 - CUDA_VISIBLE_DEVICES: [7]

  | Name           | Type        | Params
-----------------------------------------------
0 | model          | Transformer | 59.4 M
1 | train_f1_micro | F1Score     | 0     
2 | val_f1_micro   | F1Score     | 0     
3 | bce_loss       | BCELoss     | 0     
-----------------------------------------------
59.4 M    Trainable params
0         Non-trainable params
59.4 M    Total params
237.443   Total estimated model params size (MB)
/home/jeons0/miniconda3/envs/ECPICK/lib/python3.9/site-packages/pytorch_lightning/trainer/connectors/data_connector.py:224: PossibleUserWarning: The dataloader, train_dataloader, does not have many workers which may be a bottleneck. Consider increasing the value of the `num_workers` argument` (try 32 which is the number of cpus on this machine) in the `DataLoader` init to improve performance.
  rank_zero_warn(
/home/jeons0/miniconda3/envs/ECPICK/lib/python3.9/site-packages/pytorch_lightning/trainer/connectors/data_connector.py:224: PossibleUserWarning: The dataloader, val_dataloader 0, does not have many workers which may be a bottleneck. Consider increasing the value of the `num_workers` argument` (try 32 which is the number of cpus on this machine) in the `DataLoader` init to improve performance.
  rank_zero_warn(
/home/jeons0/miniconda3/envs/ECPICK/lib/python3.9/site-packages/sklearn/metrics/_classification.py:1565: UndefinedMetricWarning: F-score is ill-defined and being set to 0.0 in labels with no true nor predicted samples. Use `zero_division` parameter to control this behavior.
  _warn_prf(average, modifier, f"{metric.capitalize()} is", len(result))
Epoch 0 - Validation Loss : 0.0008 | valid micro f1: 0.6208 | valid macro f1: 0.2477
Epoch 0 - Train Loss : 0.0016 | Train micro f1: 0.2411 | Train macro f1: 0.0740
Epoch 1 - Validation Loss : 0.0010 | valid micro f1: 0.5206 | valid macro f1: 0.1886
Epoch 1 - Train Loss : 0.0008 | Train micro f1: 0.6352 | Train macro f1: 0.3103
/home/jeons0/miniconda3/envs/ECPICK/lib/python3.9/site-packages/sklearn/metrics/_classification.py:1565: UndefinedMetricWarning: F-score is ill-defined and being set to 0.0 in labels with no true nor predicted samples. Use `zero_division` parameter to control this behavior.
  _warn_prf(average, modifier, f"{metric.capitalize()} is", len(result))
Epoch 2 - Validation Loss : 0.0008 | valid micro f1: 0.6236 | valid macro f1: 0.2712
Epoch 2 - Train Loss : 0.0062 | Train micro f1: 0.3945 | Train macro f1: 0.1733
/home/jeons0/miniconda3/envs/ECPICK/lib/python3.9/site-packages/sklearn/metrics/_classification.py:1565: UndefinedMetricWarning: F-score is ill-defined and being set to 0.0 in labels with no true nor predicted samples. Use `zero_division` parameter to control this behavior.
  _warn_prf(average, modifier, f"{metric.capitalize()} is", len(result))
Epoch 3 - Validation Loss : 0.0006 | valid micro f1: 0.7370 | valid macro f1: 0.4918
Epoch 3 - Train Loss : 0.0007 | Train micro f1: 0.6952 | Train macro f1: 0.4312
/home/jeons0/miniconda3/envs/ECPICK/lib/python3.9/site-packages/sklearn/metrics/_classification.py:1565: UndefinedMetricWarning: F-score is ill-defined and being set to 0.0 in labels with no true nor predicted samples. Use `zero_division` parameter to control this behavior.
  _warn_prf(average, modifier, f"{metric.capitalize()} is", len(result))
Epoch 4 - Validation Loss : 0.0006 | valid micro f1: 0.7444 | valid macro f1: 0.4852
Epoch 4 - Train Loss : 0.0006 | Train micro f1: 0.7240 | Train macro f1: 0.4901
/home/jeons0/miniconda3/envs/ECPICK/lib/python3.9/site-packages/sklearn/metrics/_classification.py:1565: UndefinedMetricWarning: F-score is ill-defined and being set to 0.0 in labels with no true nor predicted samples. Use `zero_division` parameter to control this behavior.
  _warn_prf(average, modifier, f"{metric.capitalize()} is", len(result))
Epoch 5 - Validation Loss : 0.0006 | valid micro f1: 0.7671 | valid macro f1: 0.5489
Epoch 5 - Train Loss : 0.0006 | Train micro f1: 0.7253 | Train macro f1: 0.5022
/home/jeons0/miniconda3/envs/ECPICK/lib/python3.9/site-packages/sklearn/metrics/_classification.py:1565: UndefinedMetricWarning: F-score is ill-defined and being set to 0.0 in labels with no true nor predicted samples. Use `zero_division` parameter to control this behavior.
  _warn_prf(average, modifier, f"{metric.capitalize()} is", len(result))
Epoch 6 - Validation Loss : 0.0006 | valid micro f1: 0.7812 | valid macro f1: 0.5895
Epoch 6 - Train Loss : 0.0007 | Train micro f1: 0.7414 | Train macro f1: 0.5236
/home/jeons0/miniconda3/envs/ECPICK/lib/python3.9/site-packages/sklearn/metrics/_classification.py:1565: UndefinedMetricWarning: F-score is ill-defined and being set to 0.0 in labels with no true nor predicted samples. Use `zero_division` parameter to control this behavior.
  _warn_prf(average, modifier, f"{metric.capitalize()} is", len(result))
Epoch 7 - Validation Loss : 0.0006 | valid micro f1: 0.7778 | valid macro f1: 0.5783
Epoch 7 - Train Loss : 0.0005 | Train micro f1: 0.7683 | Train macro f1: 0.5938
/home/jeons0/miniconda3/envs/ECPICK/lib/python3.9/site-packages/sklearn/metrics/_classification.py:1565: UndefinedMetricWarning: F-score is ill-defined and being set to 0.0 in labels with no true nor predicted samples. Use `zero_division` parameter to control this behavior.
  _warn_prf(average, modifier, f"{metric.capitalize()} is", len(result))
Epoch 8 - Validation Loss : 0.0006 | valid micro f1: 0.7663 | valid macro f1: 0.5334
Epoch 8 - Train Loss : 0.0004 | Train micro f1: 0.7782 | Train macro f1: 0.6113
/home/jeons0/miniconda3/envs/ECPICK/lib/python3.9/site-packages/sklearn/metrics/_classification.py:1565: UndefinedMetricWarning: F-score is ill-defined and being set to 0.0 in labels with no true nor predicted samples. Use `zero_division` parameter to control this behavior.
  _warn_prf(average, modifier, f"{metric.capitalize()} is", len(result))
Epoch 9 - Validation Loss : 0.0006 | valid micro f1: 0.7904 | valid macro f1: 0.6125
Epoch 9 - Train Loss : 0.0004 | Train micro f1: 0.7873 | Train macro f1: 0.6291
/home/jeons0/miniconda3/envs/ECPICK/lib/python3.9/site-packages/sklearn/metrics/_classification.py:1565: UndefinedMetricWarning: F-score is ill-defined and being set to 0.0 in labels with no true nor predicted samples. Use `zero_division` parameter to control this behavior.
  _warn_prf(average, modifier, f"{metric.capitalize()} is", len(result))
Epoch 10 - Validation Loss : 0.0006 | valid micro f1: 0.7926 | valid macro f1: 0.6163
Epoch 10 - Train Loss : 0.0004 | Train micro f1: 0.7888 | Train macro f1: 0.6161
/home/jeons0/miniconda3/envs/ECPICK/lib/python3.9/site-packages/sklearn/metrics/_classification.py:1565: UndefinedMetricWarning: F-score is ill-defined and being set to 0.0 in labels with no true nor predicted samples. Use `zero_division` parameter to control this behavior.
  _warn_prf(average, modifier, f"{metric.capitalize()} is", len(result))
Epoch 11 - Validation Loss : 0.0006 | valid micro f1: 0.7981 | valid macro f1: 0.6349
Epoch 11 - Train Loss : 0.0004 | Train micro f1: 0.8057 | Train macro f1: 0.6669
/home/jeons0/miniconda3/envs/ECPICK/lib/python3.9/site-packages/sklearn/metrics/_classification.py:1565: UndefinedMetricWarning: F-score is ill-defined and being set to 0.0 in labels with no true nor predicted samples. Use `zero_division` parameter to control this behavior.
  _warn_prf(average, modifier, f"{metric.capitalize()} is", len(result))
Epoch 12 - Validation Loss : 0.0006 | valid micro f1: 0.8042 | valid macro f1: 0.6532
Epoch 12 - Train Loss : 0.0003 | Train micro f1: 0.8151 | Train macro f1: 0.6860
/home/jeons0/miniconda3/envs/ECPICK/lib/python3.9/site-packages/sklearn/metrics/_classification.py:1565: UndefinedMetricWarning: F-score is ill-defined and being set to 0.0 in labels with no true nor predicted samples. Use `zero_division` parameter to control this behavior.
  _warn_prf(average, modifier, f"{metric.capitalize()} is", len(result))
Epoch 13 - Validation Loss : 0.0006 | valid micro f1: 0.8008 | valid macro f1: 0.6527
Epoch 13 - Train Loss : 0.0003 | Train micro f1: 0.8243 | Train macro f1: 0.7036
/home/jeons0/miniconda3/envs/ECPICK/lib/python3.9/site-packages/sklearn/metrics/_classification.py:1565: UndefinedMetricWarning: F-score is ill-defined and being set to 0.0 in labels with no true nor predicted samples. Use `zero_division` parameter to control this behavior.
  _warn_prf(average, modifier, f"{metric.capitalize()} is", len(result))
Epoch 14 - Validation Loss : 0.0006 | valid micro f1: 0.8080 | valid macro f1: 0.6680
Epoch 14 - Train Loss : 0.0003 | Train micro f1: 0.8338 | Train macro f1: 0.7208
/home/jeons0/miniconda3/envs/ECPICK/lib/python3.9/site-packages/sklearn/metrics/_classification.py:1565: UndefinedMetricWarning: F-score is ill-defined and being set to 0.0 in labels with no true nor predicted samples. Use `zero_division` parameter to control this behavior.
  _warn_prf(average, modifier, f"{metric.capitalize()} is", len(result))
Epoch 15 - Validation Loss : 0.0006 | valid micro f1: 0.8086 | valid macro f1: 0.6834
Epoch 15 - Train Loss : 0.0003 | Train micro f1: 0.8303 | Train macro f1: 0.6916
/home/jeons0/miniconda3/envs/ECPICK/lib/python3.9/site-packages/sklearn/metrics/_classification.py:1565: UndefinedMetricWarning: F-score is ill-defined and being set to 0.0 in labels with no true nor predicted samples. Use `zero_division` parameter to control this behavior.
  _warn_prf(average, modifier, f"{metric.capitalize()} is", len(result))
Epoch 16 - Validation Loss : 0.0006 | valid micro f1: 0.8074 | valid macro f1: 0.6586
Epoch 16 - Train Loss : 0.0003 | Train micro f1: 0.8472 | Train macro f1: 0.7428
/home/jeons0/miniconda3/envs/ECPICK/lib/python3.9/site-packages/sklearn/metrics/_classification.py:1565: UndefinedMetricWarning: F-score is ill-defined and being set to 0.0 in labels with no true nor predicted samples. Use `zero_division` parameter to control this behavior.
  _warn_prf(average, modifier, f"{metric.capitalize()} is", len(result))
Epoch 17 - Validation Loss : 0.0006 | valid micro f1: 0.8065 | valid macro f1: 0.6710
Epoch 17 - Train Loss : 0.0003 | Train micro f1: 0.8540 | Train macro f1: 0.7514
/home/jeons0/miniconda3/envs/ECPICK/lib/python3.9/site-packages/sklearn/metrics/_classification.py:1565: UndefinedMetricWarning: F-score is ill-defined and being set to 0.0 in labels with no true nor predicted samples. Use `zero_division` parameter to control this behavior.
  _warn_prf(average, modifier, f"{metric.capitalize()} is", len(result))
Epoch 18 - Validation Loss : 0.0006 | valid micro f1: 0.8118 | valid macro f1: 0.6642
Epoch 18 - Train Loss : 0.0002 | Train micro f1: 0.8610 | Train macro f1: 0.7600
/home/jeons0/miniconda3/envs/ECPICK/lib/python3.9/site-packages/sklearn/metrics/_classification.py:1565: UndefinedMetricWarning: F-score is ill-defined and being set to 0.0 in labels with no true nor predicted samples. Use `zero_division` parameter to control this behavior.
  _warn_prf(average, modifier, f"{metric.capitalize()} is", len(result))
Epoch 19 - Validation Loss : 0.0007 | valid micro f1: 0.8130 | valid macro f1: 0.6689
Epoch 19 - Train Loss : 0.0002 | Train micro f1: 0.8677 | Train macro f1: 0.7730
/home/jeons0/miniconda3/envs/ECPICK/lib/python3.9/site-packages/sklearn/metrics/_classification.py:1565: UndefinedMetricWarning: F-score is ill-defined and being set to 0.0 in labels with no true nor predicted samples. Use `zero_division` parameter to control this behavior.
  _warn_prf(average, modifier, f"{metric.capitalize()} is", len(result))
Epoch 20 - Validation Loss : 0.0007 | valid micro f1: 0.8136 | valid macro f1: 0.6740
Epoch 20 - Train Loss : 0.0002 | Train micro f1: 0.8734 | Train macro f1: 0.7793
/home/jeons0/miniconda3/envs/ECPICK/lib/python3.9/site-packages/sklearn/metrics/_classification.py:1565: UndefinedMetricWarning: F-score is ill-defined and being set to 0.0 in labels with no true nor predicted samples. Use `zero_division` parameter to control this behavior.
  _warn_prf(average, modifier, f"{metric.capitalize()} is", len(result))
Epoch 21 - Validation Loss : 0.0006 | valid micro f1: 0.8163 | valid macro f1: 0.6960
Epoch 21 - Train Loss : 0.0002 | Train micro f1: 0.8768 | Train macro f1: 0.7732
/home/jeons0/miniconda3/envs/ECPICK/lib/python3.9/site-packages/sklearn/metrics/_classification.py:1565: UndefinedMetricWarning: F-score is ill-defined and being set to 0.0 in labels with no true nor predicted samples. Use `zero_division` parameter to control this behavior.
  _warn_prf(average, modifier, f"{metric.capitalize()} is", len(result))
Epoch 22 - Validation Loss : 0.0007 | valid micro f1: 0.8173 | valid macro f1: 0.6891
Epoch 22 - Train Loss : 0.0002 | Train micro f1: 0.8842 | Train macro f1: 0.8004
/home/jeons0/miniconda3/envs/ECPICK/lib/python3.9/site-packages/sklearn/metrics/_classification.py:1565: UndefinedMetricWarning: F-score is ill-defined and being set to 0.0 in labels with no true nor predicted samples. Use `zero_division` parameter to control this behavior.
  _warn_prf(average, modifier, f"{metric.capitalize()} is", len(result))
Epoch 23 - Validation Loss : 0.0007 | valid micro f1: 0.8176 | valid macro f1: 0.6948
Epoch 23 - Train Loss : 0.0006 | Train micro f1: 0.8794 | Train macro f1: 0.7654
/home/jeons0/miniconda3/envs/ECPICK/lib/python3.9/site-packages/sklearn/metrics/_classification.py:1565: UndefinedMetricWarning: F-score is ill-defined and being set to 0.0 in labels with no true nor predicted samples. Use `zero_division` parameter to control this behavior.
  _warn_prf(average, modifier, f"{metric.capitalize()} is", len(result))
Epoch 24 - Validation Loss : 0.0007 | valid micro f1: 0.8184 | valid macro f1: 0.6901
Epoch 24 - Train Loss : 0.0002 | Train micro f1: 0.8926 | Train macro f1: 0.8105
/home/jeons0/miniconda3/envs/ECPICK/lib/python3.9/site-packages/sklearn/metrics/_classification.py:1565: UndefinedMetricWarning: F-score is ill-defined and being set to 0.0 in labels with no true nor predicted samples. Use `zero_division` parameter to control this behavior.
  _warn_prf(average, modifier, f"{metric.capitalize()} is", len(result))
Epoch 25 - Validation Loss : 0.0007 | valid micro f1: 0.8216 | valid macro f1: 0.7000
Epoch 25 - Train Loss : 0.0002 | Train micro f1: 0.8988 | Train macro f1: 0.8206
/home/jeons0/miniconda3/envs/ECPICK/lib/python3.9/site-packages/sklearn/metrics/_classification.py:1565: UndefinedMetricWarning: F-score is ill-defined and being set to 0.0 in labels with no true nor predicted samples. Use `zero_division` parameter to control this behavior.
  _warn_prf(average, modifier, f"{metric.capitalize()} is", len(result))
Epoch 26 - Validation Loss : 0.0007 | valid micro f1: 0.8206 | valid macro f1: 0.6992
Epoch 26 - Train Loss : 0.0002 | Train micro f1: 0.9021 | Train macro f1: 0.8214
/home/jeons0/miniconda3/envs/ECPICK/lib/python3.9/site-packages/sklearn/metrics/_classification.py:1565: UndefinedMetricWarning: F-score is ill-defined and being set to 0.0 in labels with no true nor predicted samples. Use `zero_division` parameter to control this behavior.
  _warn_prf(average, modifier, f"{metric.capitalize()} is", len(result))
Epoch 27 - Validation Loss : 0.0007 | valid micro f1: 0.8188 | valid macro f1: 0.6909
Epoch 27 - Train Loss : 0.0002 | Train micro f1: 0.9033 | Train macro f1: 0.8150
/home/jeons0/miniconda3/envs/ECPICK/lib/python3.9/site-packages/sklearn/metrics/_classification.py:1565: UndefinedMetricWarning: F-score is ill-defined and being set to 0.0 in labels with no true nor predicted samples. Use `zero_division` parameter to control this behavior.
  _warn_prf(average, modifier, f"{metric.capitalize()} is", len(result))
Epoch 28 - Validation Loss : 0.0007 | valid micro f1: 0.8181 | valid macro f1: 0.6886
Epoch 28 - Train Loss : 0.0002 | Train micro f1: 0.9080 | Train macro f1: 0.8257
/home/jeons0/miniconda3/envs/ECPICK/lib/python3.9/site-packages/sklearn/metrics/_classification.py:1565: UndefinedMetricWarning: F-score is ill-defined and being set to 0.0 in labels with no true nor predicted samples. Use `zero_division` parameter to control this behavior.
  _warn_prf(average, modifier, f"{metric.capitalize()} is", len(result))
Epoch 29 - Validation Loss : 0.0007 | valid micro f1: 0.8151 | valid macro f1: 0.6930
Epoch 29 - Train Loss : 0.0002 | Train micro f1: 0.9116 | Train macro f1: 0.8360
/home/jeons0/miniconda3/envs/ECPICK/lib/python3.9/site-packages/sklearn/metrics/_classification.py:1565: UndefinedMetricWarning: F-score is ill-defined and being set to 0.0 in labels with no true nor predicted samples. Use `zero_division` parameter to control this behavior.
  _warn_prf(average, modifier, f"{metric.capitalize()} is", len(result))
Epoch 30 - Validation Loss : 0.0007 | valid micro f1: 0.8229 | valid macro f1: 0.7125
Epoch 30 - Train Loss : 0.0002 | Train micro f1: 0.9129 | Train macro f1: 0.8318
/home/jeons0/miniconda3/envs/ECPICK/lib/python3.9/site-packages/sklearn/metrics/_classification.py:1565: UndefinedMetricWarning: F-score is ill-defined and being set to 0.0 in labels with no true nor predicted samples. Use `zero_division` parameter to control this behavior.
  _warn_prf(average, modifier, f"{metric.capitalize()} is", len(result))
Epoch 31 - Validation Loss : 0.0007 | valid micro f1: 0.8225 | valid macro f1: 0.7100
Epoch 31 - Train Loss : 0.0002 | Train micro f1: 0.9172 | Train macro f1: 0.8451
/home/jeons0/miniconda3/envs/ECPICK/lib/python3.9/site-packages/sklearn/metrics/_classification.py:1565: UndefinedMetricWarning: F-score is ill-defined and being set to 0.0 in labels with no true nor predicted samples. Use `zero_division` parameter to control this behavior.
  _warn_prf(average, modifier, f"{metric.capitalize()} is", len(result))
Epoch 32 - Validation Loss : 0.0007 | valid micro f1: 0.8238 | valid macro f1: 0.7154
Epoch 32 - Train Loss : 0.0002 | Train micro f1: 0.9199 | Train macro f1: 0.8467
Swapping scheduler `MultiplicativeLR` for `SWALR`
/home/jeons0/miniconda3/envs/ECPICK/lib/python3.9/site-packages/sklearn/metrics/_classification.py:1565: UndefinedMetricWarning: F-score is ill-defined and being set to 0.0 in labels with no true nor predicted samples. Use `zero_division` parameter to control this behavior.
  _warn_prf(average, modifier, f"{metric.capitalize()} is", len(result))
Epoch 33 - Validation Loss : 0.0007 | valid micro f1: 0.8224 | valid macro f1: 0.7062
Epoch 33 - Train Loss : 0.0001 | Train micro f1: 0.9228 | Train macro f1: 0.8530
/home/jeons0/miniconda3/envs/ECPICK/lib/python3.9/site-packages/sklearn/metrics/_classification.py:1565: UndefinedMetricWarning: F-score is ill-defined and being set to 0.0 in labels with no true nor predicted samples. Use `zero_division` parameter to control this behavior.
  _warn_prf(average, modifier, f"{metric.capitalize()} is", len(result))
Epoch 34 - Validation Loss : 0.0007 | valid micro f1: 0.8227 | valid macro f1: 0.7089
Epoch 34 - Train Loss : 0.0001 | Train micro f1: 0.9241 | Train macro f1: 0.8521
/home/jeons0/miniconda3/envs/ECPICK/lib/python3.9/site-packages/sklearn/metrics/_classification.py:1565: UndefinedMetricWarning: F-score is ill-defined and being set to 0.0 in labels with no true nor predicted samples. Use `zero_division` parameter to control this behavior.
  _warn_prf(average, modifier, f"{metric.capitalize()} is", len(result))
Epoch 35 - Validation Loss : 0.0007 | valid micro f1: 0.8221 | valid macro f1: 0.7141
Epoch 35 - Train Loss : 0.0001 | Train micro f1: 0.9270 | Train macro f1: 0.8592
/home/jeons0/miniconda3/envs/ECPICK/lib/python3.9/site-packages/sklearn/metrics/_classification.py:1565: UndefinedMetricWarning: F-score is ill-defined and being set to 0.0 in labels with no true nor predicted samples. Use `zero_division` parameter to control this behavior.
  _warn_prf(average, modifier, f"{metric.capitalize()} is", len(result))
Epoch 36 - Validation Loss : 0.0007 | valid micro f1: 0.8242 | valid macro f1: 0.7109
Epoch 36 - Train Loss : 0.0001 | Train micro f1: 0.9284 | Train macro f1: 0.8574
/home/jeons0/miniconda3/envs/ECPICK/lib/python3.9/site-packages/sklearn/metrics/_classification.py:1565: UndefinedMetricWarning: F-score is ill-defined and being set to 0.0 in labels with no true nor predicted samples. Use `zero_division` parameter to control this behavior.
  _warn_prf(average, modifier, f"{metric.capitalize()} is", len(result))
Epoch 37 - Validation Loss : 0.0008 | valid micro f1: 0.8233 | valid macro f1: 0.7000
Epoch 37 - Train Loss : 0.0001 | Train micro f1: 0.9316 | Train macro f1: 0.8650
/home/jeons0/miniconda3/envs/ECPICK/lib/python3.9/site-packages/sklearn/metrics/_classification.py:1565: UndefinedMetricWarning: F-score is ill-defined and being set to 0.0 in labels with no true nor predicted samples. Use `zero_division` parameter to control this behavior.
  _warn_prf(average, modifier, f"{metric.capitalize()} is", len(result))
Epoch 38 - Validation Loss : 0.0007 | valid micro f1: 0.8257 | valid macro f1: 0.7165
Epoch 38 - Train Loss : 0.0001 | Train micro f1: 0.9350 | Train macro f1: 0.8702
/home/jeons0/miniconda3/envs/ECPICK/lib/python3.9/site-packages/sklearn/metrics/_classification.py:1565: UndefinedMetricWarning: F-score is ill-defined and being set to 0.0 in labels with no true nor predicted samples. Use `zero_division` parameter to control this behavior.
  _warn_prf(average, modifier, f"{metric.capitalize()} is", len(result))
Epoch 39 - Validation Loss : 0.0007 | valid micro f1: 0.8265 | valid macro f1: 0.7192
Epoch 39 - Train Loss : 0.0001 | Train micro f1: 0.9391 | Train macro f1: 0.8805
/home/jeons0/miniconda3/envs/ECPICK/lib/python3.9/site-packages/sklearn/metrics/_classification.py:1565: UndefinedMetricWarning: F-score is ill-defined and being set to 0.0 in labels with no true nor predicted samples. Use `zero_division` parameter to control this behavior.
  _warn_prf(average, modifier, f"{metric.capitalize()} is", len(result))
Epoch 40 - Validation Loss : 0.0008 | valid micro f1: 0.8262 | valid macro f1: 0.7094
Epoch 40 - Train Loss : 0.0001 | Train micro f1: 0.9416 | Train macro f1: 0.8814
/home/jeons0/miniconda3/envs/ECPICK/lib/python3.9/site-packages/sklearn/metrics/_classification.py:1565: UndefinedMetricWarning: F-score is ill-defined and being set to 0.0 in labels with no true nor predicted samples. Use `zero_division` parameter to control this behavior.
  _warn_prf(average, modifier, f"{metric.capitalize()} is", len(result))
Epoch 41 - Validation Loss : 0.0007 | valid micro f1: 0.8275 | valid macro f1: 0.7199
Epoch 41 - Train Loss : 0.0001 | Train micro f1: 0.9433 | Train macro f1: 0.8814
/home/jeons0/miniconda3/envs/ECPICK/lib/python3.9/site-packages/sklearn/metrics/_classification.py:1565: UndefinedMetricWarning: F-score is ill-defined and being set to 0.0 in labels with no true nor predicted samples. Use `zero_division` parameter to control this behavior.
  _warn_prf(average, modifier, f"{metric.capitalize()} is", len(result))
Epoch 42 - Validation Loss : 0.0008 | valid micro f1: 0.8284 | valid macro f1: 0.7188
Epoch 42 - Train Loss : 0.0001 | Train micro f1: 0.9465 | Train macro f1: 0.8875
/home/jeons0/miniconda3/envs/ECPICK/lib/python3.9/site-packages/sklearn/metrics/_classification.py:1565: UndefinedMetricWarning: F-score is ill-defined and being set to 0.0 in labels with no true nor predicted samples. Use `zero_division` parameter to control this behavior.
  _warn_prf(average, modifier, f"{metric.capitalize()} is", len(result))
Epoch 43 - Validation Loss : 0.0008 | valid micro f1: 0.8286 | valid macro f1: 0.7217
Epoch 43 - Train Loss : 0.0001 | Train micro f1: 0.9470 | Train macro f1: 0.8861
/home/jeons0/miniconda3/envs/ECPICK/lib/python3.9/site-packages/sklearn/metrics/_classification.py:1565: UndefinedMetricWarning: F-score is ill-defined and being set to 0.0 in labels with no true nor predicted samples. Use `zero_division` parameter to control this behavior.
  _warn_prf(average, modifier, f"{metric.capitalize()} is", len(result))
Epoch 44 - Validation Loss : 0.0008 | valid micro f1: 0.8296 | valid macro f1: 0.7218
Epoch 44 - Train Loss : 0.0001 | Train micro f1: 0.9506 | Train macro f1: 0.8957
/home/jeons0/miniconda3/envs/ECPICK/lib/python3.9/site-packages/sklearn/metrics/_classification.py:1565: UndefinedMetricWarning: F-score is ill-defined and being set to 0.0 in labels with no true nor predicted samples. Use `zero_division` parameter to control this behavior.
  _warn_prf(average, modifier, f"{metric.capitalize()} is", len(result))
Epoch 45 - Validation Loss : 0.0008 | valid micro f1: 0.8301 | valid macro f1: 0.7253
Epoch 45 - Train Loss : 0.0001 | Train micro f1: 0.9532 | Train macro f1: 0.9050
/home/jeons0/miniconda3/envs/ECPICK/lib/python3.9/site-packages/sklearn/metrics/_classification.py:1565: UndefinedMetricWarning: F-score is ill-defined and being set to 0.0 in labels with no true nor predicted samples. Use `zero_division` parameter to control this behavior.
  _warn_prf(average, modifier, f"{metric.capitalize()} is", len(result))
Epoch 46 - Validation Loss : 0.0008 | valid micro f1: 0.8292 | valid macro f1: 0.7212
Epoch 46 - Train Loss : 0.0001 | Train micro f1: 0.9539 | Train macro f1: 0.9048
/home/jeons0/miniconda3/envs/ECPICK/lib/python3.9/site-packages/sklearn/metrics/_classification.py:1565: UndefinedMetricWarning: F-score is ill-defined and being set to 0.0 in labels with no true nor predicted samples. Use `zero_division` parameter to control this behavior.
  _warn_prf(average, modifier, f"{metric.capitalize()} is", len(result))
Epoch 47 - Validation Loss : 0.0008 | valid micro f1: 0.8298 | valid macro f1: 0.7235
Epoch 47 - Train Loss : 0.0001 | Train micro f1: 0.9550 | Train macro f1: 0.9069
/home/jeons0/miniconda3/envs/ECPICK/lib/python3.9/site-packages/sklearn/metrics/_classification.py:1565: UndefinedMetricWarning: F-score is ill-defined and being set to 0.0 in labels with no true nor predicted samples. Use `zero_division` parameter to control this behavior.
  _warn_prf(average, modifier, f"{metric.capitalize()} is", len(result))
Epoch 48 - Validation Loss : 0.0008 | valid micro f1: 0.8297 | valid macro f1: 0.7243
Epoch 48 - Train Loss : 0.0001 | Train micro f1: 0.9550 | Train macro f1: 0.9077
/home/jeons0/miniconda3/envs/ECPICK/lib/python3.9/site-packages/sklearn/metrics/_classification.py:1565: UndefinedMetricWarning: F-score is ill-defined and being set to 0.0 in labels with no true nor predicted samples. Use `zero_division` parameter to control this behavior.
  _warn_prf(average, modifier, f"{metric.capitalize()} is", len(result))
Epoch 49 - Validation Loss : 0.0008 | valid micro f1: 0.8297 | valid macro f1: 0.7244
Epoch 49 - Train Loss : 0.0001 | Train micro f1: 0.9558 | Train macro f1: 0.9090
`Trainer.fit` stopped: `max_epochs=50` reached.
