Disabling PyTorch because PyTorch >= 2.1 is required but found 1.12.1+cu116
None of PyTorch, TensorFlow >= 2.0, or Flax have been found. Models won't be available and only tokenizers, configuration and file/data utilities can be used.
output dims : 7, 73, 267 ,4020
output dims sum : 4367
[8.65e-05, 3e-07, 34, 15, 50]
EXP : 9
Learning rate : 8.65e-05
/home/jeons0/miniconda3/envs/ECPICK/lib/python3.9/site-packages/lightning_fabric/plugins/environments/slurm.py:166: PossibleUserWarning: The `srun` command is available on your system but is not used. HINT: If your intention is to run Lightning on SLURM, prepend your python command with `srun` like so: srun python /home/jeons0/Stacking/hitec_train.py ...
  rank_zero_warn(
GPU available: True (cuda), used: True
TPU available: False, using: 0 TPU cores
IPU available: False, using: 0 IPUs
HPU available: False, using: 0 HPUs
Dataset are loading
234459
Dataset loading done
Training start
/home/jeons0/miniconda3/envs/ECPICK/lib/python3.9/site-packages/pytorch_lightning/callbacks/model_checkpoint.py:612: UserWarning: Checkpoint directory /home/jeons0/Stacking/base_learners/HIT-EC_models/EXP9 exists and is not empty.
  rank_zero_warn(f"Checkpoint directory {dirpath} exists and is not empty.")
LOCAL_RANK: 0 - CUDA_VISIBLE_DEVICES: [6]

  | Name           | Type        | Params
-----------------------------------------------
0 | model          | Transformer | 59.4 M
1 | train_f1_micro | F1Score     | 0     
2 | val_f1_micro   | F1Score     | 0     
3 | bce_loss       | BCELoss     | 0     
-----------------------------------------------
59.4 M    Trainable params
0         Non-trainable params
59.4 M    Total params
237.443   Total estimated model params size (MB)
/home/jeons0/miniconda3/envs/ECPICK/lib/python3.9/site-packages/pytorch_lightning/trainer/connectors/data_connector.py:224: PossibleUserWarning: The dataloader, train_dataloader, does not have many workers which may be a bottleneck. Consider increasing the value of the `num_workers` argument` (try 32 which is the number of cpus on this machine) in the `DataLoader` init to improve performance.
  rank_zero_warn(
/home/jeons0/miniconda3/envs/ECPICK/lib/python3.9/site-packages/pytorch_lightning/trainer/connectors/data_connector.py:224: PossibleUserWarning: The dataloader, val_dataloader 0, does not have many workers which may be a bottleneck. Consider increasing the value of the `num_workers` argument` (try 32 which is the number of cpus on this machine) in the `DataLoader` init to improve performance.
  rank_zero_warn(
/home/jeons0/miniconda3/envs/ECPICK/lib/python3.9/site-packages/sklearn/metrics/_classification.py:1565: UndefinedMetricWarning: F-score is ill-defined and being set to 0.0 in labels with no true nor predicted samples. Use `zero_division` parameter to control this behavior.
  _warn_prf(average, modifier, f"{metric.capitalize()} is", len(result))
Epoch 0 - Validation Loss : 0.0008 | valid micro f1: 0.6202 | valid macro f1: 0.2520
Epoch 0 - Train Loss : 0.0016 | Train micro f1: 0.2317 | Train macro f1: 0.0720
/home/jeons0/miniconda3/envs/ECPICK/lib/python3.9/site-packages/sklearn/metrics/_classification.py:1565: UndefinedMetricWarning: F-score is ill-defined and being set to 0.0 in labels with no true nor predicted samples. Use `zero_division` parameter to control this behavior.
  _warn_prf(average, modifier, f"{metric.capitalize()} is", len(result))
Epoch 1 - Validation Loss : 0.0007 | valid micro f1: 0.7067 | valid macro f1: 0.3940
Epoch 1 - Train Loss : 0.0008 | Train micro f1: 0.6368 | Train macro f1: 0.3156
/home/jeons0/miniconda3/envs/ECPICK/lib/python3.9/site-packages/sklearn/metrics/_classification.py:1565: UndefinedMetricWarning: F-score is ill-defined and being set to 0.0 in labels with no true nor predicted samples. Use `zero_division` parameter to control this behavior.
  _warn_prf(average, modifier, f"{metric.capitalize()} is", len(result))
Epoch 2 - Validation Loss : 0.0158 | valid micro f1: 0.0003 | valid macro f1: 0.0000
Epoch 2 - Train Loss : 0.0008 | Train micro f1: 0.6862 | Train macro f1: 0.4129
/home/jeons0/miniconda3/envs/ECPICK/lib/python3.9/site-packages/sklearn/metrics/_classification.py:1565: UndefinedMetricWarning: F-score is ill-defined and being set to 0.0 in labels with no true nor predicted samples. Use `zero_division` parameter to control this behavior.
  _warn_prf(average, modifier, f"{metric.capitalize()} is", len(result))
Epoch 3 - Validation Loss : 0.0007 | valid micro f1: 0.6964 | valid macro f1: 0.3920
Epoch 3 - Train Loss : 0.0099 | Train micro f1: 0.2475 | Train macro f1: 0.0997
/home/jeons0/miniconda3/envs/ECPICK/lib/python3.9/site-packages/sklearn/metrics/_classification.py:1565: UndefinedMetricWarning: F-score is ill-defined and being set to 0.0 in labels with no true nor predicted samples. Use `zero_division` parameter to control this behavior.
  _warn_prf(average, modifier, f"{metric.capitalize()} is", len(result))
Epoch 4 - Validation Loss : 0.0006 | valid micro f1: 0.7465 | valid macro f1: 0.5110
Epoch 4 - Train Loss : 0.0006 | Train micro f1: 0.7164 | Train macro f1: 0.4779
/home/jeons0/miniconda3/envs/ECPICK/lib/python3.9/site-packages/sklearn/metrics/_classification.py:1565: UndefinedMetricWarning: F-score is ill-defined and being set to 0.0 in labels with no true nor predicted samples. Use `zero_division` parameter to control this behavior.
  _warn_prf(average, modifier, f"{metric.capitalize()} is", len(result))
Epoch 5 - Validation Loss : 0.0006 | valid micro f1: 0.7642 | valid macro f1: 0.5557
Epoch 5 - Train Loss : 0.0005 | Train micro f1: 0.7354 | Train macro f1: 0.5239
/home/jeons0/miniconda3/envs/ECPICK/lib/python3.9/site-packages/sklearn/metrics/_classification.py:1565: UndefinedMetricWarning: F-score is ill-defined and being set to 0.0 in labels with no true nor predicted samples. Use `zero_division` parameter to control this behavior.
  _warn_prf(average, modifier, f"{metric.capitalize()} is", len(result))
Epoch 6 - Validation Loss : 0.0006 | valid micro f1: 0.7728 | valid macro f1: 0.5631
Epoch 6 - Train Loss : 0.0005 | Train micro f1: 0.7548 | Train macro f1: 0.5686
/home/jeons0/miniconda3/envs/ECPICK/lib/python3.9/site-packages/sklearn/metrics/_classification.py:1565: UndefinedMetricWarning: F-score is ill-defined and being set to 0.0 in labels with no true nor predicted samples. Use `zero_division` parameter to control this behavior.
  _warn_prf(average, modifier, f"{metric.capitalize()} is", len(result))
Epoch 7 - Validation Loss : 0.0006 | valid micro f1: 0.7843 | valid macro f1: 0.6063
Epoch 7 - Train Loss : 0.0005 | Train micro f1: 0.7650 | Train macro f1: 0.5880
/home/jeons0/miniconda3/envs/ECPICK/lib/python3.9/site-packages/sklearn/metrics/_classification.py:1565: UndefinedMetricWarning: F-score is ill-defined and being set to 0.0 in labels with no true nor predicted samples. Use `zero_division` parameter to control this behavior.
  _warn_prf(average, modifier, f"{metric.capitalize()} is", len(result))
Epoch 8 - Validation Loss : 0.0006 | valid micro f1: 0.7853 | valid macro f1: 0.6068
Epoch 8 - Train Loss : 0.0004 | Train micro f1: 0.7777 | Train macro f1: 0.6154
/home/jeons0/miniconda3/envs/ECPICK/lib/python3.9/site-packages/sklearn/metrics/_classification.py:1565: UndefinedMetricWarning: F-score is ill-defined and being set to 0.0 in labels with no true nor predicted samples. Use `zero_division` parameter to control this behavior.
  _warn_prf(average, modifier, f"{metric.capitalize()} is", len(result))
Epoch 9 - Validation Loss : 0.0005 | valid micro f1: 0.7947 | valid macro f1: 0.6339
Epoch 9 - Train Loss : 0.0004 | Train micro f1: 0.7885 | Train macro f1: 0.6380
/home/jeons0/miniconda3/envs/ECPICK/lib/python3.9/site-packages/sklearn/metrics/_classification.py:1565: UndefinedMetricWarning: F-score is ill-defined and being set to 0.0 in labels with no true nor predicted samples. Use `zero_division` parameter to control this behavior.
  _warn_prf(average, modifier, f"{metric.capitalize()} is", len(result))
Epoch 10 - Validation Loss : 0.0006 | valid micro f1: 0.7909 | valid macro f1: 0.6075
Epoch 10 - Train Loss : 0.0004 | Train micro f1: 0.7887 | Train macro f1: 0.6285
/home/jeons0/miniconda3/envs/ECPICK/lib/python3.9/site-packages/sklearn/metrics/_classification.py:1565: UndefinedMetricWarning: F-score is ill-defined and being set to 0.0 in labels with no true nor predicted samples. Use `zero_division` parameter to control this behavior.
  _warn_prf(average, modifier, f"{metric.capitalize()} is", len(result))
Epoch 11 - Validation Loss : 0.0006 | valid micro f1: 0.8020 | valid macro f1: 0.6481
Epoch 11 - Train Loss : 0.0004 | Train micro f1: 0.8045 | Train macro f1: 0.6709
/home/jeons0/miniconda3/envs/ECPICK/lib/python3.9/site-packages/sklearn/metrics/_classification.py:1565: UndefinedMetricWarning: F-score is ill-defined and being set to 0.0 in labels with no true nor predicted samples. Use `zero_division` parameter to control this behavior.
  _warn_prf(average, modifier, f"{metric.capitalize()} is", len(result))
Epoch 12 - Validation Loss : 0.0006 | valid micro f1: 0.7842 | valid macro f1: 0.5946
Epoch 12 - Train Loss : 0.0003 | Train micro f1: 0.8140 | Train macro f1: 0.6912
/home/jeons0/miniconda3/envs/ECPICK/lib/python3.9/site-packages/sklearn/metrics/_classification.py:1565: UndefinedMetricWarning: F-score is ill-defined and being set to 0.0 in labels with no true nor predicted samples. Use `zero_division` parameter to control this behavior.
  _warn_prf(average, modifier, f"{metric.capitalize()} is", len(result))
Epoch 13 - Validation Loss : 0.0006 | valid micro f1: 0.7937 | valid macro f1: 0.6213
Epoch 13 - Train Loss : 0.0003 | Train micro f1: 0.8186 | Train macro f1: 0.6965
/home/jeons0/miniconda3/envs/ECPICK/lib/python3.9/site-packages/sklearn/metrics/_classification.py:1565: UndefinedMetricWarning: F-score is ill-defined and being set to 0.0 in labels with no true nor predicted samples. Use `zero_division` parameter to control this behavior.
  _warn_prf(average, modifier, f"{metric.capitalize()} is", len(result))
Epoch 14 - Validation Loss : 0.0006 | valid micro f1: 0.8039 | valid macro f1: 0.6606
Epoch 14 - Train Loss : 0.0003 | Train micro f1: 0.8268 | Train macro f1: 0.7111
/home/jeons0/miniconda3/envs/ECPICK/lib/python3.9/site-packages/sklearn/metrics/_classification.py:1565: UndefinedMetricWarning: F-score is ill-defined and being set to 0.0 in labels with no true nor predicted samples. Use `zero_division` parameter to control this behavior.
  _warn_prf(average, modifier, f"{metric.capitalize()} is", len(result))
Epoch 15 - Validation Loss : 0.0006 | valid micro f1: 0.8115 | valid macro f1: 0.6807
Epoch 15 - Train Loss : 0.0003 | Train micro f1: 0.8344 | Train macro f1: 0.7262
/home/jeons0/miniconda3/envs/ECPICK/lib/python3.9/site-packages/sklearn/metrics/_classification.py:1565: UndefinedMetricWarning: F-score is ill-defined and being set to 0.0 in labels with no true nor predicted samples. Use `zero_division` parameter to control this behavior.
  _warn_prf(average, modifier, f"{metric.capitalize()} is", len(result))
Epoch 16 - Validation Loss : 0.0006 | valid micro f1: 0.8009 | valid macro f1: 0.6334
Epoch 16 - Train Loss : 0.0003 | Train micro f1: 0.8417 | Train macro f1: 0.7367
/home/jeons0/miniconda3/envs/ECPICK/lib/python3.9/site-packages/sklearn/metrics/_classification.py:1565: UndefinedMetricWarning: F-score is ill-defined and being set to 0.0 in labels with no true nor predicted samples. Use `zero_division` parameter to control this behavior.
  _warn_prf(average, modifier, f"{metric.capitalize()} is", len(result))
Epoch 17 - Validation Loss : 0.0006 | valid micro f1: 0.8140 | valid macro f1: 0.6713
Epoch 17 - Train Loss : 0.0003 | Train micro f1: 0.8519 | Train macro f1: 0.7615
/home/jeons0/miniconda3/envs/ECPICK/lib/python3.9/site-packages/sklearn/metrics/_classification.py:1565: UndefinedMetricWarning: F-score is ill-defined and being set to 0.0 in labels with no true nor predicted samples. Use `zero_division` parameter to control this behavior.
  _warn_prf(average, modifier, f"{metric.capitalize()} is", len(result))
Epoch 18 - Validation Loss : 0.0006 | valid micro f1: 0.8163 | valid macro f1: 0.6856
Epoch 18 - Train Loss : 0.0003 | Train micro f1: 0.8569 | Train macro f1: 0.7655
/home/jeons0/miniconda3/envs/ECPICK/lib/python3.9/site-packages/sklearn/metrics/_classification.py:1565: UndefinedMetricWarning: F-score is ill-defined and being set to 0.0 in labels with no true nor predicted samples. Use `zero_division` parameter to control this behavior.
  _warn_prf(average, modifier, f"{metric.capitalize()} is", len(result))
Epoch 19 - Validation Loss : 0.0006 | valid micro f1: 0.8176 | valid macro f1: 0.6970
Epoch 19 - Train Loss : 0.0003 | Train micro f1: 0.8601 | Train macro f1: 0.7662
/home/jeons0/miniconda3/envs/ECPICK/lib/python3.9/site-packages/sklearn/metrics/_classification.py:1565: UndefinedMetricWarning: F-score is ill-defined and being set to 0.0 in labels with no true nor predicted samples. Use `zero_division` parameter to control this behavior.
  _warn_prf(average, modifier, f"{metric.capitalize()} is", len(result))
Epoch 20 - Validation Loss : 0.0006 | valid micro f1: 0.8135 | valid macro f1: 0.6725
Epoch 20 - Train Loss : 0.0002 | Train micro f1: 0.8677 | Train macro f1: 0.7820
/home/jeons0/miniconda3/envs/ECPICK/lib/python3.9/site-packages/sklearn/metrics/_classification.py:1565: UndefinedMetricWarning: F-score is ill-defined and being set to 0.0 in labels with no true nor predicted samples. Use `zero_division` parameter to control this behavior.
  _warn_prf(average, modifier, f"{metric.capitalize()} is", len(result))
Epoch 21 - Validation Loss : 0.0007 | valid micro f1: 0.8154 | valid macro f1: 0.6761
Epoch 21 - Train Loss : 0.0002 | Train micro f1: 0.8735 | Train macro f1: 0.7905
/home/jeons0/miniconda3/envs/ECPICK/lib/python3.9/site-packages/sklearn/metrics/_classification.py:1565: UndefinedMetricWarning: F-score is ill-defined and being set to 0.0 in labels with no true nor predicted samples. Use `zero_division` parameter to control this behavior.
  _warn_prf(average, modifier, f"{metric.capitalize()} is", len(result))
Epoch 22 - Validation Loss : 0.0006 | valid micro f1: 0.8169 | valid macro f1: 0.6940
Epoch 22 - Train Loss : 0.0002 | Train micro f1: 0.8797 | Train macro f1: 0.8031
/home/jeons0/miniconda3/envs/ECPICK/lib/python3.9/site-packages/sklearn/metrics/_classification.py:1565: UndefinedMetricWarning: F-score is ill-defined and being set to 0.0 in labels with no true nor predicted samples. Use `zero_division` parameter to control this behavior.
  _warn_prf(average, modifier, f"{metric.capitalize()} is", len(result))
Epoch 23 - Validation Loss : 0.0007 | valid micro f1: 0.8158 | valid macro f1: 0.6761
Epoch 23 - Train Loss : 0.0002 | Train micro f1: 0.8825 | Train macro f1: 0.8042
/home/jeons0/miniconda3/envs/ECPICK/lib/python3.9/site-packages/sklearn/metrics/_classification.py:1565: UndefinedMetricWarning: F-score is ill-defined and being set to 0.0 in labels with no true nor predicted samples. Use `zero_division` parameter to control this behavior.
  _warn_prf(average, modifier, f"{metric.capitalize()} is", len(result))
Epoch 24 - Validation Loss : 0.0006 | valid micro f1: 0.8204 | valid macro f1: 0.7144
Epoch 24 - Train Loss : 0.0002 | Train micro f1: 0.8863 | Train macro f1: 0.8070
/home/jeons0/miniconda3/envs/ECPICK/lib/python3.9/site-packages/sklearn/metrics/_classification.py:1565: UndefinedMetricWarning: F-score is ill-defined and being set to 0.0 in labels with no true nor predicted samples. Use `zero_division` parameter to control this behavior.
  _warn_prf(average, modifier, f"{metric.capitalize()} is", len(result))
Epoch 25 - Validation Loss : 0.0007 | valid micro f1: 0.8219 | valid macro f1: 0.7005
Epoch 25 - Train Loss : 0.0002 | Train micro f1: 0.8927 | Train macro f1: 0.8198
/home/jeons0/miniconda3/envs/ECPICK/lib/python3.9/site-packages/sklearn/metrics/_classification.py:1565: UndefinedMetricWarning: F-score is ill-defined and being set to 0.0 in labels with no true nor predicted samples. Use `zero_division` parameter to control this behavior.
  _warn_prf(average, modifier, f"{metric.capitalize()} is", len(result))
Epoch 26 - Validation Loss : 0.0007 | valid micro f1: 0.8219 | valid macro f1: 0.7057
Epoch 26 - Train Loss : 0.0002 | Train micro f1: 0.8959 | Train macro f1: 0.8215
/home/jeons0/miniconda3/envs/ECPICK/lib/python3.9/site-packages/sklearn/metrics/_classification.py:1565: UndefinedMetricWarning: F-score is ill-defined and being set to 0.0 in labels with no true nor predicted samples. Use `zero_division` parameter to control this behavior.
  _warn_prf(average, modifier, f"{metric.capitalize()} is", len(result))
Epoch 27 - Validation Loss : 0.0007 | valid micro f1: 0.8249 | valid macro f1: 0.7086
Epoch 27 - Train Loss : 0.0002 | Train micro f1: 0.9005 | Train macro f1: 0.8296
/home/jeons0/miniconda3/envs/ECPICK/lib/python3.9/site-packages/sklearn/metrics/_classification.py:1565: UndefinedMetricWarning: F-score is ill-defined and being set to 0.0 in labels with no true nor predicted samples. Use `zero_division` parameter to control this behavior.
  _warn_prf(average, modifier, f"{metric.capitalize()} is", len(result))
Epoch 28 - Validation Loss : 0.0007 | valid micro f1: 0.8243 | valid macro f1: 0.7185
Epoch 28 - Train Loss : 0.0002 | Train micro f1: 0.9039 | Train macro f1: 0.8333
/home/jeons0/miniconda3/envs/ECPICK/lib/python3.9/site-packages/sklearn/metrics/_classification.py:1565: UndefinedMetricWarning: F-score is ill-defined and being set to 0.0 in labels with no true nor predicted samples. Use `zero_division` parameter to control this behavior.
  _warn_prf(average, modifier, f"{metric.capitalize()} is", len(result))
Epoch 29 - Validation Loss : 0.0007 | valid micro f1: 0.8242 | valid macro f1: 0.7169
Epoch 29 - Train Loss : 0.0002 | Train micro f1: 0.9091 | Train macro f1: 0.8417
/home/jeons0/miniconda3/envs/ECPICK/lib/python3.9/site-packages/sklearn/metrics/_classification.py:1565: UndefinedMetricWarning: F-score is ill-defined and being set to 0.0 in labels with no true nor predicted samples. Use `zero_division` parameter to control this behavior.
  _warn_prf(average, modifier, f"{metric.capitalize()} is", len(result))
Epoch 30 - Validation Loss : 0.0007 | valid micro f1: 0.8216 | valid macro f1: 0.7044
Epoch 30 - Train Loss : 0.0002 | Train micro f1: 0.9100 | Train macro f1: 0.8410
/home/jeons0/miniconda3/envs/ECPICK/lib/python3.9/site-packages/sklearn/metrics/_classification.py:1565: UndefinedMetricWarning: F-score is ill-defined and being set to 0.0 in labels with no true nor predicted samples. Use `zero_division` parameter to control this behavior.
  _warn_prf(average, modifier, f"{metric.capitalize()} is", len(result))
Epoch 31 - Validation Loss : 0.0007 | valid micro f1: 0.8248 | valid macro f1: 0.7208
Epoch 31 - Train Loss : 0.0002 | Train micro f1: 0.9126 | Train macro f1: 0.8401
/home/jeons0/miniconda3/envs/ECPICK/lib/python3.9/site-packages/sklearn/metrics/_classification.py:1565: UndefinedMetricWarning: F-score is ill-defined and being set to 0.0 in labels with no true nor predicted samples. Use `zero_division` parameter to control this behavior.
  _warn_prf(average, modifier, f"{metric.capitalize()} is", len(result))
Epoch 32 - Validation Loss : 0.0007 | valid micro f1: 0.8256 | valid macro f1: 0.7171
Epoch 32 - Train Loss : 0.0002 | Train micro f1: 0.9180 | Train macro f1: 0.8564
Swapping scheduler `MultiplicativeLR` for `SWALR`
/home/jeons0/miniconda3/envs/ECPICK/lib/python3.9/site-packages/sklearn/metrics/_classification.py:1565: UndefinedMetricWarning: F-score is ill-defined and being set to 0.0 in labels with no true nor predicted samples. Use `zero_division` parameter to control this behavior.
  _warn_prf(average, modifier, f"{metric.capitalize()} is", len(result))
Epoch 33 - Validation Loss : 0.0007 | valid micro f1: 0.8239 | valid macro f1: 0.6989
Epoch 33 - Train Loss : 0.0002 | Train micro f1: 0.9215 | Train macro f1: 0.8581
/home/jeons0/miniconda3/envs/ECPICK/lib/python3.9/site-packages/sklearn/metrics/_classification.py:1565: UndefinedMetricWarning: F-score is ill-defined and being set to 0.0 in labels with no true nor predicted samples. Use `zero_division` parameter to control this behavior.
  _warn_prf(average, modifier, f"{metric.capitalize()} is", len(result))
Epoch 34 - Validation Loss : 0.0007 | valid micro f1: 0.8261 | valid macro f1: 0.7110
Epoch 34 - Train Loss : 0.0002 | Train micro f1: 0.9228 | Train macro f1: 0.8578
/home/jeons0/miniconda3/envs/ECPICK/lib/python3.9/site-packages/sklearn/metrics/_classification.py:1565: UndefinedMetricWarning: F-score is ill-defined and being set to 0.0 in labels with no true nor predicted samples. Use `zero_division` parameter to control this behavior.
  _warn_prf(average, modifier, f"{metric.capitalize()} is", len(result))
Epoch 35 - Validation Loss : 0.0007 | valid micro f1: 0.8238 | valid macro f1: 0.7037
Epoch 35 - Train Loss : 0.0002 | Train micro f1: 0.9238 | Train macro f1: 0.8564
/home/jeons0/miniconda3/envs/ECPICK/lib/python3.9/site-packages/sklearn/metrics/_classification.py:1565: UndefinedMetricWarning: F-score is ill-defined and being set to 0.0 in labels with no true nor predicted samples. Use `zero_division` parameter to control this behavior.
  _warn_prf(average, modifier, f"{metric.capitalize()} is", len(result))
Epoch 36 - Validation Loss : 0.0007 | valid micro f1: 0.8264 | valid macro f1: 0.7239
Epoch 36 - Train Loss : 0.0002 | Train micro f1: 0.9274 | Train macro f1: 0.8619
/home/jeons0/miniconda3/envs/ECPICK/lib/python3.9/site-packages/sklearn/metrics/_classification.py:1565: UndefinedMetricWarning: F-score is ill-defined and being set to 0.0 in labels with no true nor predicted samples. Use `zero_division` parameter to control this behavior.
  _warn_prf(average, modifier, f"{metric.capitalize()} is", len(result))
Epoch 37 - Validation Loss : 0.0007 | valid micro f1: 0.8260 | valid macro f1: 0.7162
Epoch 37 - Train Loss : 0.0001 | Train micro f1: 0.9321 | Train macro f1: 0.8737
/home/jeons0/miniconda3/envs/ECPICK/lib/python3.9/site-packages/sklearn/metrics/_classification.py:1565: UndefinedMetricWarning: F-score is ill-defined and being set to 0.0 in labels with no true nor predicted samples. Use `zero_division` parameter to control this behavior.
  _warn_prf(average, modifier, f"{metric.capitalize()} is", len(result))
Epoch 38 - Validation Loss : 0.0007 | valid micro f1: 0.8267 | valid macro f1: 0.7266
Epoch 38 - Train Loss : 0.0001 | Train micro f1: 0.9341 | Train macro f1: 0.8750
/home/jeons0/miniconda3/envs/ECPICK/lib/python3.9/site-packages/sklearn/metrics/_classification.py:1565: UndefinedMetricWarning: F-score is ill-defined and being set to 0.0 in labels with no true nor predicted samples. Use `zero_division` parameter to control this behavior.
  _warn_prf(average, modifier, f"{metric.capitalize()} is", len(result))
Epoch 39 - Validation Loss : 0.0007 | valid micro f1: 0.8281 | valid macro f1: 0.7187
Epoch 39 - Train Loss : 0.0001 | Train micro f1: 0.9380 | Train macro f1: 0.8799
/home/jeons0/miniconda3/envs/ECPICK/lib/python3.9/site-packages/sklearn/metrics/_classification.py:1565: UndefinedMetricWarning: F-score is ill-defined and being set to 0.0 in labels with no true nor predicted samples. Use `zero_division` parameter to control this behavior.
  _warn_prf(average, modifier, f"{metric.capitalize()} is", len(result))
Epoch 40 - Validation Loss : 0.0008 | valid micro f1: 0.8281 | valid macro f1: 0.7152
Epoch 40 - Train Loss : 0.0001 | Train micro f1: 0.9414 | Train macro f1: 0.8862
/home/jeons0/miniconda3/envs/ECPICK/lib/python3.9/site-packages/sklearn/metrics/_classification.py:1565: UndefinedMetricWarning: F-score is ill-defined and being set to 0.0 in labels with no true nor predicted samples. Use `zero_division` parameter to control this behavior.
  _warn_prf(average, modifier, f"{metric.capitalize()} is", len(result))
Epoch 41 - Validation Loss : 0.0008 | valid micro f1: 0.8279 | valid macro f1: 0.7124
Epoch 41 - Train Loss : 0.0001 | Train micro f1: 0.9432 | Train macro f1: 0.8857
/home/jeons0/miniconda3/envs/ECPICK/lib/python3.9/site-packages/sklearn/metrics/_classification.py:1565: UndefinedMetricWarning: F-score is ill-defined and being set to 0.0 in labels with no true nor predicted samples. Use `zero_division` parameter to control this behavior.
  _warn_prf(average, modifier, f"{metric.capitalize()} is", len(result))
Epoch 42 - Validation Loss : 0.0008 | valid micro f1: 0.8271 | valid macro f1: 0.7091
Epoch 42 - Train Loss : 0.0001 | Train micro f1: 0.9469 | Train macro f1: 0.8958
/home/jeons0/miniconda3/envs/ECPICK/lib/python3.9/site-packages/sklearn/metrics/_classification.py:1565: UndefinedMetricWarning: F-score is ill-defined and being set to 0.0 in labels with no true nor predicted samples. Use `zero_division` parameter to control this behavior.
  _warn_prf(average, modifier, f"{metric.capitalize()} is", len(result))
Epoch 43 - Validation Loss : 0.0008 | valid micro f1: 0.8293 | valid macro f1: 0.7221
Epoch 43 - Train Loss : 0.0001 | Train micro f1: 0.9439 | Train macro f1: 0.8671
/home/jeons0/miniconda3/envs/ECPICK/lib/python3.9/site-packages/sklearn/metrics/_classification.py:1565: UndefinedMetricWarning: F-score is ill-defined and being set to 0.0 in labels with no true nor predicted samples. Use `zero_division` parameter to control this behavior.
  _warn_prf(average, modifier, f"{metric.capitalize()} is", len(result))
Epoch 44 - Validation Loss : 0.0008 | valid micro f1: 0.8296 | valid macro f1: 0.7191
Epoch 44 - Train Loss : 0.0001 | Train micro f1: 0.9510 | Train macro f1: 0.9013
/home/jeons0/miniconda3/envs/ECPICK/lib/python3.9/site-packages/sklearn/metrics/_classification.py:1565: UndefinedMetricWarning: F-score is ill-defined and being set to 0.0 in labels with no true nor predicted samples. Use `zero_division` parameter to control this behavior.
  _warn_prf(average, modifier, f"{metric.capitalize()} is", len(result))
Epoch 45 - Validation Loss : 0.0008 | valid micro f1: 0.8304 | valid macro f1: 0.7236
Epoch 45 - Train Loss : 0.0001 | Train micro f1: 0.9528 | Train macro f1: 0.9041
/home/jeons0/miniconda3/envs/ECPICK/lib/python3.9/site-packages/sklearn/metrics/_classification.py:1565: UndefinedMetricWarning: F-score is ill-defined and being set to 0.0 in labels with no true nor predicted samples. Use `zero_division` parameter to control this behavior.
  _warn_prf(average, modifier, f"{metric.capitalize()} is", len(result))
Epoch 46 - Validation Loss : 0.0008 | valid micro f1: 0.8304 | valid macro f1: 0.7255
Epoch 46 - Train Loss : 0.0001 | Train micro f1: 0.9546 | Train macro f1: 0.9084
/home/jeons0/miniconda3/envs/ECPICK/lib/python3.9/site-packages/sklearn/metrics/_classification.py:1565: UndefinedMetricWarning: F-score is ill-defined and being set to 0.0 in labels with no true nor predicted samples. Use `zero_division` parameter to control this behavior.
  _warn_prf(average, modifier, f"{metric.capitalize()} is", len(result))
Epoch 47 - Validation Loss : 0.0008 | valid micro f1: 0.8303 | valid macro f1: 0.7249
Epoch 47 - Train Loss : 0.0001 | Train micro f1: 0.9518 | Train macro f1: 0.8898
/home/jeons0/miniconda3/envs/ECPICK/lib/python3.9/site-packages/sklearn/metrics/_classification.py:1565: UndefinedMetricWarning: F-score is ill-defined and being set to 0.0 in labels with no true nor predicted samples. Use `zero_division` parameter to control this behavior.
  _warn_prf(average, modifier, f"{metric.capitalize()} is", len(result))
Epoch 48 - Validation Loss : 0.0008 | valid micro f1: 0.8307 | valid macro f1: 0.7262
Epoch 48 - Train Loss : 0.0001 | Train micro f1: 0.9553 | Train macro f1: 0.9090
/home/jeons0/miniconda3/envs/ECPICK/lib/python3.9/site-packages/sklearn/metrics/_classification.py:1565: UndefinedMetricWarning: F-score is ill-defined and being set to 0.0 in labels with no true nor predicted samples. Use `zero_division` parameter to control this behavior.
  _warn_prf(average, modifier, f"{metric.capitalize()} is", len(result))
Epoch 49 - Validation Loss : 0.0008 | valid micro f1: 0.8309 | valid macro f1: 0.7242
Epoch 49 - Train Loss : 0.0001 | Train micro f1: 0.9548 | Train macro f1: 0.9052
`Trainer.fit` stopped: `max_epochs=50` reached.
