Disabling PyTorch because PyTorch >= 2.1 is required but found 1.12.1+cu116
None of PyTorch, TensorFlow >= 2.0, or Flax have been found. Models won't be available and only tokenizers, configuration and file/data utilities can be used.
output dims : 7, 73, 267 ,4020
output dims sum : 4367
[8.65e-05, 3e-07, 34, 15, 50]
EXP : 10
Learning rate : 8.65e-05
/home/jeons0/miniconda3/envs/ECPICK/lib/python3.9/site-packages/lightning_fabric/plugins/environments/slurm.py:166: PossibleUserWarning: The `srun` command is available on your system but is not used. HINT: If your intention is to run Lightning on SLURM, prepend your python command with `srun` like so: srun python /home/jeons0/Stacking/hitec_train.py ...
  rank_zero_warn(
GPU available: True (cuda), used: True
TPU available: False, using: 0 TPU cores
IPU available: False, using: 0 IPUs
HPU available: False, using: 0 HPUs
Dataset are loading
234460
Dataset loading done
Training start
/home/jeons0/miniconda3/envs/ECPICK/lib/python3.9/site-packages/pytorch_lightning/callbacks/model_checkpoint.py:612: UserWarning: Checkpoint directory /home/jeons0/Stacking/base_learners/HIT-EC_models/EXP10 exists and is not empty.
  rank_zero_warn(f"Checkpoint directory {dirpath} exists and is not empty.")
LOCAL_RANK: 0 - CUDA_VISIBLE_DEVICES: [7]

  | Name           | Type        | Params
-----------------------------------------------
0 | model          | Transformer | 59.4 M
1 | train_f1_micro | F1Score     | 0     
2 | val_f1_micro   | F1Score     | 0     
3 | bce_loss       | BCELoss     | 0     
-----------------------------------------------
59.4 M    Trainable params
0         Non-trainable params
59.4 M    Total params
237.443   Total estimated model params size (MB)
/home/jeons0/miniconda3/envs/ECPICK/lib/python3.9/site-packages/pytorch_lightning/trainer/connectors/data_connector.py:224: PossibleUserWarning: The dataloader, train_dataloader, does not have many workers which may be a bottleneck. Consider increasing the value of the `num_workers` argument` (try 32 which is the number of cpus on this machine) in the `DataLoader` init to improve performance.
  rank_zero_warn(
/home/jeons0/miniconda3/envs/ECPICK/lib/python3.9/site-packages/pytorch_lightning/trainer/connectors/data_connector.py:224: PossibleUserWarning: The dataloader, val_dataloader 0, does not have many workers which may be a bottleneck. Consider increasing the value of the `num_workers` argument` (try 32 which is the number of cpus on this machine) in the `DataLoader` init to improve performance.
  rank_zero_warn(
/home/jeons0/miniconda3/envs/ECPICK/lib/python3.9/site-packages/sklearn/metrics/_classification.py:1565: UndefinedMetricWarning: F-score is ill-defined and being set to 0.0 in labels with no true nor predicted samples. Use `zero_division` parameter to control this behavior.
  _warn_prf(average, modifier, f"{metric.capitalize()} is", len(result))
Epoch 0 - Validation Loss : 0.0008 | valid micro f1: 0.6038 | valid macro f1: 0.2343
Epoch 0 - Train Loss : 0.0016 | Train micro f1: 0.2319 | Train macro f1: 0.0721
Epoch 1 - Validation Loss : 0.0206 | valid micro f1: 0.1100 | valid macro f1: 0.0308
Epoch 1 - Train Loss : 0.0012 | Train micro f1: 0.6131 | Train macro f1: 0.2914
Epoch 2 - Validation Loss : 0.0025 | valid micro f1: 0.6197 | valid macro f1: 0.2807
Epoch 2 - Train Loss : 0.0098 | Train micro f1: 0.2561 | Train macro f1: 0.0855
/home/jeons0/miniconda3/envs/ECPICK/lib/python3.9/site-packages/sklearn/metrics/_classification.py:1565: UndefinedMetricWarning: F-score is ill-defined and being set to 0.0 in labels with no true nor predicted samples. Use `zero_division` parameter to control this behavior.
  _warn_prf(average, modifier, f"{metric.capitalize()} is", len(result))
Epoch 3 - Validation Loss : 0.0006 | valid micro f1: 0.7237 | valid macro f1: 0.4307
Epoch 3 - Train Loss : 0.0007 | Train micro f1: 0.6741 | Train macro f1: 0.3797
/home/jeons0/miniconda3/envs/ECPICK/lib/python3.9/site-packages/sklearn/metrics/_classification.py:1565: UndefinedMetricWarning: F-score is ill-defined and being set to 0.0 in labels with no true nor predicted samples. Use `zero_division` parameter to control this behavior.
  _warn_prf(average, modifier, f"{metric.capitalize()} is", len(result))
Epoch 4 - Validation Loss : 0.0006 | valid micro f1: 0.7534 | valid macro f1: 0.5183
Epoch 4 - Train Loss : 0.0006 | Train micro f1: 0.7180 | Train macro f1: 0.4733
/home/jeons0/miniconda3/envs/ECPICK/lib/python3.9/site-packages/sklearn/metrics/_classification.py:1565: UndefinedMetricWarning: F-score is ill-defined and being set to 0.0 in labels with no true nor predicted samples. Use `zero_division` parameter to control this behavior.
  _warn_prf(average, modifier, f"{metric.capitalize()} is", len(result))
Epoch 5 - Validation Loss : 0.0006 | valid micro f1: 0.7593 | valid macro f1: 0.5262
Epoch 5 - Train Loss : 0.0005 | Train micro f1: 0.7371 | Train macro f1: 0.5173
/home/jeons0/miniconda3/envs/ECPICK/lib/python3.9/site-packages/sklearn/metrics/_classification.py:1565: UndefinedMetricWarning: F-score is ill-defined and being set to 0.0 in labels with no true nor predicted samples. Use `zero_division` parameter to control this behavior.
  _warn_prf(average, modifier, f"{metric.capitalize()} is", len(result))
Epoch 6 - Validation Loss : 0.0006 | valid micro f1: 0.7749 | valid macro f1: 0.5887
Epoch 6 - Train Loss : 0.0005 | Train micro f1: 0.7546 | Train macro f1: 0.5578
/home/jeons0/miniconda3/envs/ECPICK/lib/python3.9/site-packages/sklearn/metrics/_classification.py:1565: UndefinedMetricWarning: F-score is ill-defined and being set to 0.0 in labels with no true nor predicted samples. Use `zero_division` parameter to control this behavior.
  _warn_prf(average, modifier, f"{metric.capitalize()} is", len(result))
Epoch 7 - Validation Loss : 0.0006 | valid micro f1: 0.7787 | valid macro f1: 0.5783
Epoch 7 - Train Loss : 0.0005 | Train micro f1: 0.7650 | Train macro f1: 0.5843
/home/jeons0/miniconda3/envs/ECPICK/lib/python3.9/site-packages/sklearn/metrics/_classification.py:1565: UndefinedMetricWarning: F-score is ill-defined and being set to 0.0 in labels with no true nor predicted samples. Use `zero_division` parameter to control this behavior.
  _warn_prf(average, modifier, f"{metric.capitalize()} is", len(result))
Epoch 8 - Validation Loss : 0.0006 | valid micro f1: 0.7881 | valid macro f1: 0.6064
Epoch 8 - Train Loss : 0.0004 | Train micro f1: 0.7781 | Train macro f1: 0.6086
/home/jeons0/miniconda3/envs/ECPICK/lib/python3.9/site-packages/sklearn/metrics/_classification.py:1565: UndefinedMetricWarning: F-score is ill-defined and being set to 0.0 in labels with no true nor predicted samples. Use `zero_division` parameter to control this behavior.
  _warn_prf(average, modifier, f"{metric.capitalize()} is", len(result))
Epoch 9 - Validation Loss : 0.0005 | valid micro f1: 0.7911 | valid macro f1: 0.6255
Epoch 9 - Train Loss : 0.0004 | Train micro f1: 0.7902 | Train macro f1: 0.6362
Epoch 10 - Validation Loss : 0.0021 | valid micro f1: 0.7733 | valid macro f1: 0.5609
Epoch 10 - Train Loss : 0.0004 | Train micro f1: 0.7998 | Train macro f1: 0.6517
/home/jeons0/miniconda3/envs/ECPICK/lib/python3.9/site-packages/sklearn/metrics/_classification.py:1565: UndefinedMetricWarning: F-score is ill-defined and being set to 0.0 in labels with no true nor predicted samples. Use `zero_division` parameter to control this behavior.
  _warn_prf(average, modifier, f"{metric.capitalize()} is", len(result))
Epoch 11 - Validation Loss : 0.0006 | valid micro f1: 0.8027 | valid macro f1: 0.6504
Epoch 11 - Train Loss : 0.0004 | Train micro f1: 0.8093 | Train macro f1: 0.6700
Epoch 12 - Validation Loss : 0.0007 | valid micro f1: 0.7495 | valid macro f1: 0.4961
Epoch 12 - Train Loss : 0.0007 | Train micro f1: 0.8110 | Train macro f1: 0.6525
/home/jeons0/miniconda3/envs/ECPICK/lib/python3.9/site-packages/sklearn/metrics/_classification.py:1565: UndefinedMetricWarning: F-score is ill-defined and being set to 0.0 in labels with no true nor predicted samples. Use `zero_division` parameter to control this behavior.
  _warn_prf(average, modifier, f"{metric.capitalize()} is", len(result))
Epoch 13 - Validation Loss : 0.0006 | valid micro f1: 0.8097 | valid macro f1: 0.6643
Epoch 13 - Train Loss : 0.0003 | Train micro f1: 0.8249 | Train macro f1: 0.7000
/home/jeons0/miniconda3/envs/ECPICK/lib/python3.9/site-packages/sklearn/metrics/_classification.py:1565: UndefinedMetricWarning: F-score is ill-defined and being set to 0.0 in labels with no true nor predicted samples. Use `zero_division` parameter to control this behavior.
  _warn_prf(average, modifier, f"{metric.capitalize()} is", len(result))
Epoch 14 - Validation Loss : 0.0006 | valid micro f1: 0.8079 | valid macro f1: 0.6617
Epoch 14 - Train Loss : 0.0003 | Train micro f1: 0.8332 | Train macro f1: 0.7150
/home/jeons0/miniconda3/envs/ECPICK/lib/python3.9/site-packages/sklearn/metrics/_classification.py:1565: UndefinedMetricWarning: F-score is ill-defined and being set to 0.0 in labels with no true nor predicted samples. Use `zero_division` parameter to control this behavior.
  _warn_prf(average, modifier, f"{metric.capitalize()} is", len(result))
Epoch 15 - Validation Loss : 0.0006 | valid micro f1: 0.8053 | valid macro f1: 0.6741
Epoch 15 - Train Loss : 0.0003 | Train micro f1: 0.8412 | Train macro f1: 0.7313
/home/jeons0/miniconda3/envs/ECPICK/lib/python3.9/site-packages/sklearn/metrics/_classification.py:1565: UndefinedMetricWarning: F-score is ill-defined and being set to 0.0 in labels with no true nor predicted samples. Use `zero_division` parameter to control this behavior.
  _warn_prf(average, modifier, f"{metric.capitalize()} is", len(result))
Epoch 16 - Validation Loss : 0.0006 | valid micro f1: 0.8155 | valid macro f1: 0.6898
Epoch 16 - Train Loss : 0.0003 | Train micro f1: 0.8498 | Train macro f1: 0.7488
/home/jeons0/miniconda3/envs/ECPICK/lib/python3.9/site-packages/sklearn/metrics/_classification.py:1565: UndefinedMetricWarning: F-score is ill-defined and being set to 0.0 in labels with no true nor predicted samples. Use `zero_division` parameter to control this behavior.
  _warn_prf(average, modifier, f"{metric.capitalize()} is", len(result))
Epoch 17 - Validation Loss : 0.0006 | valid micro f1: 0.8130 | valid macro f1: 0.6816
Epoch 17 - Train Loss : 0.0003 | Train micro f1: 0.8556 | Train macro f1: 0.7560
/home/jeons0/miniconda3/envs/ECPICK/lib/python3.9/site-packages/sklearn/metrics/_classification.py:1565: UndefinedMetricWarning: F-score is ill-defined and being set to 0.0 in labels with no true nor predicted samples. Use `zero_division` parameter to control this behavior.
  _warn_prf(average, modifier, f"{metric.capitalize()} is", len(result))
Epoch 18 - Validation Loss : 0.0006 | valid micro f1: 0.8131 | valid macro f1: 0.6805
Epoch 18 - Train Loss : 0.0002 | Train micro f1: 0.8622 | Train macro f1: 0.7652
/home/jeons0/miniconda3/envs/ECPICK/lib/python3.9/site-packages/sklearn/metrics/_classification.py:1565: UndefinedMetricWarning: F-score is ill-defined and being set to 0.0 in labels with no true nor predicted samples. Use `zero_division` parameter to control this behavior.
  _warn_prf(average, modifier, f"{metric.capitalize()} is", len(result))
Epoch 19 - Validation Loss : 0.0006 | valid micro f1: 0.8152 | valid macro f1: 0.6933
Epoch 19 - Train Loss : 0.0002 | Train micro f1: 0.8668 | Train macro f1: 0.7716
/home/jeons0/miniconda3/envs/ECPICK/lib/python3.9/site-packages/sklearn/metrics/_classification.py:1565: UndefinedMetricWarning: F-score is ill-defined and being set to 0.0 in labels with no true nor predicted samples. Use `zero_division` parameter to control this behavior.
  _warn_prf(average, modifier, f"{metric.capitalize()} is", len(result))
Epoch 20 - Validation Loss : 0.0006 | valid micro f1: 0.8134 | valid macro f1: 0.6876
Epoch 20 - Train Loss : 0.0002 | Train micro f1: 0.8753 | Train macro f1: 0.7873
/home/jeons0/miniconda3/envs/ECPICK/lib/python3.9/site-packages/sklearn/metrics/_classification.py:1565: UndefinedMetricWarning: F-score is ill-defined and being set to 0.0 in labels with no true nor predicted samples. Use `zero_division` parameter to control this behavior.
  _warn_prf(average, modifier, f"{metric.capitalize()} is", len(result))
Epoch 21 - Validation Loss : 0.0006 | valid micro f1: 0.8198 | valid macro f1: 0.6967
Epoch 21 - Train Loss : 0.0002 | Train micro f1: 0.8771 | Train macro f1: 0.7814
/home/jeons0/miniconda3/envs/ECPICK/lib/python3.9/site-packages/sklearn/metrics/_classification.py:1565: UndefinedMetricWarning: F-score is ill-defined and being set to 0.0 in labels with no true nor predicted samples. Use `zero_division` parameter to control this behavior.
  _warn_prf(average, modifier, f"{metric.capitalize()} is", len(result))
Epoch 22 - Validation Loss : 0.0006 | valid micro f1: 0.8203 | valid macro f1: 0.6967
Epoch 22 - Train Loss : 0.0002 | Train micro f1: 0.8852 | Train macro f1: 0.8019
/home/jeons0/miniconda3/envs/ECPICK/lib/python3.9/site-packages/sklearn/metrics/_classification.py:1565: UndefinedMetricWarning: F-score is ill-defined and being set to 0.0 in labels with no true nor predicted samples. Use `zero_division` parameter to control this behavior.
  _warn_prf(average, modifier, f"{metric.capitalize()} is", len(result))
Epoch 23 - Validation Loss : 0.0007 | valid micro f1: 0.8178 | valid macro f1: 0.6836
Epoch 23 - Train Loss : 0.0002 | Train micro f1: 0.8893 | Train macro f1: 0.8020
/home/jeons0/miniconda3/envs/ECPICK/lib/python3.9/site-packages/sklearn/metrics/_classification.py:1565: UndefinedMetricWarning: F-score is ill-defined and being set to 0.0 in labels with no true nor predicted samples. Use `zero_division` parameter to control this behavior.
  _warn_prf(average, modifier, f"{metric.capitalize()} is", len(result))
Epoch 24 - Validation Loss : 0.0007 | valid micro f1: 0.8177 | valid macro f1: 0.6753
Epoch 24 - Train Loss : 0.0002 | Train micro f1: 0.8929 | Train macro f1: 0.8092
/home/jeons0/miniconda3/envs/ECPICK/lib/python3.9/site-packages/sklearn/metrics/_classification.py:1565: UndefinedMetricWarning: F-score is ill-defined and being set to 0.0 in labels with no true nor predicted samples. Use `zero_division` parameter to control this behavior.
  _warn_prf(average, modifier, f"{metric.capitalize()} is", len(result))
Epoch 25 - Validation Loss : 0.0007 | valid micro f1: 0.8209 | valid macro f1: 0.6935
Epoch 25 - Train Loss : 0.0002 | Train micro f1: 0.8992 | Train macro f1: 0.8207
/home/jeons0/miniconda3/envs/ECPICK/lib/python3.9/site-packages/sklearn/metrics/_classification.py:1565: UndefinedMetricWarning: F-score is ill-defined and being set to 0.0 in labels with no true nor predicted samples. Use `zero_division` parameter to control this behavior.
  _warn_prf(average, modifier, f"{metric.capitalize()} is", len(result))
Epoch 26 - Validation Loss : 0.0007 | valid micro f1: 0.8225 | valid macro f1: 0.6975
Epoch 26 - Train Loss : 0.0002 | Train micro f1: 0.9021 | Train macro f1: 0.8226
/home/jeons0/miniconda3/envs/ECPICK/lib/python3.9/site-packages/sklearn/metrics/_classification.py:1565: UndefinedMetricWarning: F-score is ill-defined and being set to 0.0 in labels with no true nor predicted samples. Use `zero_division` parameter to control this behavior.
  _warn_prf(average, modifier, f"{metric.capitalize()} is", len(result))
Epoch 27 - Validation Loss : 0.0007 | valid micro f1: 0.8232 | valid macro f1: 0.7074
Epoch 27 - Train Loss : 0.0002 | Train micro f1: 0.9042 | Train macro f1: 0.8171
/home/jeons0/miniconda3/envs/ECPICK/lib/python3.9/site-packages/sklearn/metrics/_classification.py:1565: UndefinedMetricWarning: F-score is ill-defined and being set to 0.0 in labels with no true nor predicted samples. Use `zero_division` parameter to control this behavior.
  _warn_prf(average, modifier, f"{metric.capitalize()} is", len(result))
Epoch 28 - Validation Loss : 0.0007 | valid micro f1: 0.8247 | valid macro f1: 0.7156
Epoch 28 - Train Loss : 0.0002 | Train micro f1: 0.9087 | Train macro f1: 0.8338
/home/jeons0/miniconda3/envs/ECPICK/lib/python3.9/site-packages/sklearn/metrics/_classification.py:1565: UndefinedMetricWarning: F-score is ill-defined and being set to 0.0 in labels with no true nor predicted samples. Use `zero_division` parameter to control this behavior.
  _warn_prf(average, modifier, f"{metric.capitalize()} is", len(result))
Epoch 29 - Validation Loss : 0.0007 | valid micro f1: 0.8212 | valid macro f1: 0.7085
Epoch 29 - Train Loss : 0.0002 | Train micro f1: 0.9107 | Train macro f1: 0.8333
/home/jeons0/miniconda3/envs/ECPICK/lib/python3.9/site-packages/sklearn/metrics/_classification.py:1565: UndefinedMetricWarning: F-score is ill-defined and being set to 0.0 in labels with no true nor predicted samples. Use `zero_division` parameter to control this behavior.
  _warn_prf(average, modifier, f"{metric.capitalize()} is", len(result))
Epoch 30 - Validation Loss : 0.0007 | valid micro f1: 0.8224 | valid macro f1: 0.7034
Epoch 30 - Train Loss : 0.0002 | Train micro f1: 0.9146 | Train macro f1: 0.8433
/home/jeons0/miniconda3/envs/ECPICK/lib/python3.9/site-packages/sklearn/metrics/_classification.py:1565: UndefinedMetricWarning: F-score is ill-defined and being set to 0.0 in labels with no true nor predicted samples. Use `zero_division` parameter to control this behavior.
  _warn_prf(average, modifier, f"{metric.capitalize()} is", len(result))
Epoch 31 - Validation Loss : 0.0007 | valid micro f1: 0.8240 | valid macro f1: 0.7140
Epoch 31 - Train Loss : 0.0002 | Train micro f1: 0.9195 | Train macro f1: 0.8491
/home/jeons0/miniconda3/envs/ECPICK/lib/python3.9/site-packages/sklearn/metrics/_classification.py:1565: UndefinedMetricWarning: F-score is ill-defined and being set to 0.0 in labels with no true nor predicted samples. Use `zero_division` parameter to control this behavior.
  _warn_prf(average, modifier, f"{metric.capitalize()} is", len(result))
Epoch 32 - Validation Loss : 0.0007 | valid micro f1: 0.8249 | valid macro f1: 0.7171
Epoch 32 - Train Loss : 0.0002 | Train micro f1: 0.9214 | Train macro f1: 0.8519
Swapping scheduler `MultiplicativeLR` for `SWALR`
/home/jeons0/miniconda3/envs/ECPICK/lib/python3.9/site-packages/sklearn/metrics/_classification.py:1565: UndefinedMetricWarning: F-score is ill-defined and being set to 0.0 in labels with no true nor predicted samples. Use `zero_division` parameter to control this behavior.
  _warn_prf(average, modifier, f"{metric.capitalize()} is", len(result))
Epoch 33 - Validation Loss : 0.0007 | valid micro f1: 0.8245 | valid macro f1: 0.7030
Epoch 33 - Train Loss : 0.0002 | Train micro f1: 0.9245 | Train macro f1: 0.8582
/home/jeons0/miniconda3/envs/ECPICK/lib/python3.9/site-packages/sklearn/metrics/_classification.py:1565: UndefinedMetricWarning: F-score is ill-defined and being set to 0.0 in labels with no true nor predicted samples. Use `zero_division` parameter to control this behavior.
  _warn_prf(average, modifier, f"{metric.capitalize()} is", len(result))
Epoch 34 - Validation Loss : 0.0007 | valid micro f1: 0.8264 | valid macro f1: 0.7184
Epoch 34 - Train Loss : 0.0002 | Train micro f1: 0.9258 | Train macro f1: 0.8579
/home/jeons0/miniconda3/envs/ECPICK/lib/python3.9/site-packages/sklearn/metrics/_classification.py:1565: UndefinedMetricWarning: F-score is ill-defined and being set to 0.0 in labels with no true nor predicted samples. Use `zero_division` parameter to control this behavior.
  _warn_prf(average, modifier, f"{metric.capitalize()} is", len(result))
Epoch 35 - Validation Loss : 0.0007 | valid micro f1: 0.8271 | valid macro f1: 0.7226
Epoch 35 - Train Loss : 0.0001 | Train micro f1: 0.9289 | Train macro f1: 0.8632
/home/jeons0/miniconda3/envs/ECPICK/lib/python3.9/site-packages/sklearn/metrics/_classification.py:1565: UndefinedMetricWarning: F-score is ill-defined and being set to 0.0 in labels with no true nor predicted samples. Use `zero_division` parameter to control this behavior.
  _warn_prf(average, modifier, f"{metric.capitalize()} is", len(result))
Epoch 36 - Validation Loss : 0.0007 | valid micro f1: 0.8253 | valid macro f1: 0.7140
Epoch 36 - Train Loss : 0.0001 | Train micro f1: 0.9286 | Train macro f1: 0.8583
/home/jeons0/miniconda3/envs/ECPICK/lib/python3.9/site-packages/sklearn/metrics/_classification.py:1565: UndefinedMetricWarning: F-score is ill-defined and being set to 0.0 in labels with no true nor predicted samples. Use `zero_division` parameter to control this behavior.
  _warn_prf(average, modifier, f"{metric.capitalize()} is", len(result))
Epoch 37 - Validation Loss : 0.0007 | valid micro f1: 0.8283 | valid macro f1: 0.7227
Epoch 37 - Train Loss : 0.0001 | Train micro f1: 0.9311 | Train macro f1: 0.8599
/home/jeons0/miniconda3/envs/ECPICK/lib/python3.9/site-packages/sklearn/metrics/_classification.py:1565: UndefinedMetricWarning: F-score is ill-defined and being set to 0.0 in labels with no true nor predicted samples. Use `zero_division` parameter to control this behavior.
  _warn_prf(average, modifier, f"{metric.capitalize()} is", len(result))
Epoch 38 - Validation Loss : 0.0007 | valid micro f1: 0.8276 | valid macro f1: 0.7200
Epoch 38 - Train Loss : 0.0001 | Train micro f1: 0.9357 | Train macro f1: 0.8732
/home/jeons0/miniconda3/envs/ECPICK/lib/python3.9/site-packages/sklearn/metrics/_classification.py:1565: UndefinedMetricWarning: F-score is ill-defined and being set to 0.0 in labels with no true nor predicted samples. Use `zero_division` parameter to control this behavior.
  _warn_prf(average, modifier, f"{metric.capitalize()} is", len(result))
Epoch 39 - Validation Loss : 0.0007 | valid micro f1: 0.8282 | valid macro f1: 0.7199
Epoch 39 - Train Loss : 0.0001 | Train micro f1: 0.9379 | Train macro f1: 0.8760
/home/jeons0/miniconda3/envs/ECPICK/lib/python3.9/site-packages/sklearn/metrics/_classification.py:1565: UndefinedMetricWarning: F-score is ill-defined and being set to 0.0 in labels with no true nor predicted samples. Use `zero_division` parameter to control this behavior.
  _warn_prf(average, modifier, f"{metric.capitalize()} is", len(result))
Epoch 40 - Validation Loss : 0.0007 | valid micro f1: 0.8279 | valid macro f1: 0.7229
Epoch 40 - Train Loss : 0.0001 | Train micro f1: 0.9414 | Train macro f1: 0.8828
/home/jeons0/miniconda3/envs/ECPICK/lib/python3.9/site-packages/sklearn/metrics/_classification.py:1565: UndefinedMetricWarning: F-score is ill-defined and being set to 0.0 in labels with no true nor predicted samples. Use `zero_division` parameter to control this behavior.
  _warn_prf(average, modifier, f"{metric.capitalize()} is", len(result))
Epoch 41 - Validation Loss : 0.0007 | valid micro f1: 0.8299 | valid macro f1: 0.7203
Epoch 41 - Train Loss : 0.0001 | Train micro f1: 0.9444 | Train macro f1: 0.8885
/home/jeons0/miniconda3/envs/ECPICK/lib/python3.9/site-packages/sklearn/metrics/_classification.py:1565: UndefinedMetricWarning: F-score is ill-defined and being set to 0.0 in labels with no true nor predicted samples. Use `zero_division` parameter to control this behavior.
  _warn_prf(average, modifier, f"{metric.capitalize()} is", len(result))
Epoch 42 - Validation Loss : 0.0007 | valid micro f1: 0.8299 | valid macro f1: 0.7209
Epoch 42 - Train Loss : 0.0001 | Train micro f1: 0.9469 | Train macro f1: 0.8894
/home/jeons0/miniconda3/envs/ECPICK/lib/python3.9/site-packages/sklearn/metrics/_classification.py:1565: UndefinedMetricWarning: F-score is ill-defined and being set to 0.0 in labels with no true nor predicted samples. Use `zero_division` parameter to control this behavior.
  _warn_prf(average, modifier, f"{metric.capitalize()} is", len(result))
Epoch 43 - Validation Loss : 0.0007 | valid micro f1: 0.8306 | valid macro f1: 0.7230
Epoch 43 - Train Loss : 0.0001 | Train micro f1: 0.9494 | Train macro f1: 0.8952
/home/jeons0/miniconda3/envs/ECPICK/lib/python3.9/site-packages/sklearn/metrics/_classification.py:1565: UndefinedMetricWarning: F-score is ill-defined and being set to 0.0 in labels with no true nor predicted samples. Use `zero_division` parameter to control this behavior.
  _warn_prf(average, modifier, f"{metric.capitalize()} is", len(result))
Epoch 44 - Validation Loss : 0.0007 | valid micro f1: 0.8307 | valid macro f1: 0.7222
Epoch 44 - Train Loss : 0.0001 | Train micro f1: 0.9512 | Train macro f1: 0.8993
/home/jeons0/miniconda3/envs/ECPICK/lib/python3.9/site-packages/sklearn/metrics/_classification.py:1565: UndefinedMetricWarning: F-score is ill-defined and being set to 0.0 in labels with no true nor predicted samples. Use `zero_division` parameter to control this behavior.
  _warn_prf(average, modifier, f"{metric.capitalize()} is", len(result))
Epoch 45 - Validation Loss : 0.0007 | valid micro f1: 0.8310 | valid macro f1: 0.7240
Epoch 45 - Train Loss : 0.0001 | Train micro f1: 0.9499 | Train macro f1: 0.8869
/home/jeons0/miniconda3/envs/ECPICK/lib/python3.9/site-packages/sklearn/metrics/_classification.py:1565: UndefinedMetricWarning: F-score is ill-defined and being set to 0.0 in labels with no true nor predicted samples. Use `zero_division` parameter to control this behavior.
  _warn_prf(average, modifier, f"{metric.capitalize()} is", len(result))
Epoch 46 - Validation Loss : 0.0008 | valid micro f1: 0.8314 | valid macro f1: 0.7213
Epoch 46 - Train Loss : 0.0001 | Train micro f1: 0.9533 | Train macro f1: 0.9005
/home/jeons0/miniconda3/envs/ECPICK/lib/python3.9/site-packages/sklearn/metrics/_classification.py:1565: UndefinedMetricWarning: F-score is ill-defined and being set to 0.0 in labels with no true nor predicted samples. Use `zero_division` parameter to control this behavior.
  _warn_prf(average, modifier, f"{metric.capitalize()} is", len(result))
Epoch 47 - Validation Loss : 0.0008 | valid micro f1: 0.8316 | valid macro f1: 0.7234
Epoch 47 - Train Loss : 0.0001 | Train micro f1: 0.9547 | Train macro f1: 0.9086
/home/jeons0/miniconda3/envs/ECPICK/lib/python3.9/site-packages/sklearn/metrics/_classification.py:1565: UndefinedMetricWarning: F-score is ill-defined and being set to 0.0 in labels with no true nor predicted samples. Use `zero_division` parameter to control this behavior.
  _warn_prf(average, modifier, f"{metric.capitalize()} is", len(result))
Epoch 48 - Validation Loss : 0.0008 | valid micro f1: 0.8315 | valid macro f1: 0.7243
Epoch 48 - Train Loss : 0.0001 | Train micro f1: 0.9555 | Train macro f1: 0.9090
/home/jeons0/miniconda3/envs/ECPICK/lib/python3.9/site-packages/sklearn/metrics/_classification.py:1565: UndefinedMetricWarning: F-score is ill-defined and being set to 0.0 in labels with no true nor predicted samples. Use `zero_division` parameter to control this behavior.
  _warn_prf(average, modifier, f"{metric.capitalize()} is", len(result))
Epoch 49 - Validation Loss : 0.0008 | valid micro f1: 0.8314 | valid macro f1: 0.7230
Epoch 49 - Train Loss : 0.0001 | Train micro f1: 0.9556 | Train macro f1: 0.9102
`Trainer.fit` stopped: `max_epochs=50` reached.
